app/build/outputs/mapping/debug/seeds.txt
com.sakibuddinbhuiyan.zikir.activities.MainActivity: MainActivity()
com.sakibuddinbhuiyan.zikir.activities.Read: Read()
com.sakibuddinbhuiyan.zikir.activities.MainActivity
com.sakibuddinbhuiyan.zikir.activities.Read
...
com.google.firebase.firestore.core.LimboDocumentChange$Type: com.google.firebase.firestore.core.LimboDocumentChange$Type valueOf(java.lang.String)
com.google.firebase.messaging.FirebaseMessagingRegistrar: java.util.List getComponents()
androidx.constraintlayout.widget.R$styleable: int AnimatedStateListDrawableCompat_android_dither
com.google.android.material.R$style: int Widget_AppCompat_ActionBar
com.google.android.material.R$styleable: int[] CompoundButton
com.google.android.material.R$id: int postLayout
androidx.constraintlayout.widget.R$styleable: int ConstraintLayout_Layout_layout_constraintHorizontal_chainStyle
androidx.transition.R$id: int right_side
androidx.appcompat.R$style: int Theme_AppCompat_CompactMenu
com.google.android.material.R$attr: int overlapAnchor
com.google.android.material.textfield.TextInputLayout: android.content.res.ColorStateList getSuffixTextColor()
com.google.android.material.R$styleable: int NavigationView_itemBackground
com.google.android.material.R$styleable: int Transition_transitionFlags
androidx.appcompat.R$style: int TextAppearance_AppCompat_Widget_DropDownItem
com.google.android.material.R$style: int Widget_MaterialComponents_TextInputEditText_FilledBox
com.google.android.material.R$attr: int barrierDirection
com.google.android.material.R$attr: int subtitle
com.google.android.material.R$styleable: int TextInputLayout_hintTextAppearance
com.google.android.material.R$style: int Base_Widget_MaterialComponents_ProgressIndicator_Linear
androidx.cardview.R$attr: int cardCornerRadius
com.google.android.material.R$string: int mtrl_picker_a11y_next_month
com.google.android.material.internal.CheckableImageButton: CheckableImageButton(android.content.Context,android.util.AttributeSet)
com.google.android.material.R$attr: int toolbarStyle
com.google.android.material.R$styleable: int AppCompatTheme_windowFixedWidthMajor
com.google.android.material.button.MaterialButton: android.content.res.ColorStateList getStrokeColor()
com.google.android.material.R$style: int Base_Widget_MaterialComponents_PopupMenu_ContextMenu
com.google.android.material.R$attr: int fontProviderAuthority
com.google.android.material.R$styleable: int CardView_android_minHeight
com.google.android.material.R$styleable: int TabLayout_tabPaddingStart
com.google.android.material.R$style: int Theme_MaterialComponents_DayNight_DarkActionBar
androidx.recyclerview.R$attr: int fastScrollHorizontalTrackDrawable
androidx.constraintlayout.widget.R$styleable: int MotionHelper_onShow
com.google.android.material.R$id: int accessibility_custom_action_12
androidx.core.widget.NestedScrollView: void setNestedScrollingEnabled(boolean)
androidx.constraintlayout.widget.R$styleable: int Constraint_layout_goneMarginTop
androidx.constraintlayout.widget.R$styleable: int ConstraintLayout_Layout_layout_constraintGuide_begin
androidx.constraintlayout.widget.R$styleable: int KeyTimeCycle_transitionPathRotate
androidx.constraintlayout.widget.R$styleable: int ConstraintLayout_Layout_layout_constraintBaseline_toBaselineOf
com.google.android.material.textfield.TextInputLayout: void setCounterOverflowTextAppearance(int)
androidx.appcompat.R$style: int TextAppearance_AppCompat_Headline
androidx.appcompat.R$style: int Base_TextAppearance_AppCompat_Medium
androidx.constraintlayout.widget.R$id: int accessibility_custom_action_4
com.google.android.material.R$id: int mtrl_motion_snapshot_view
androidx.constraintlayout.widget.R$styleable: int Constraint_pivotAnchor
androidx.constraintlayout.widget.ConstraintHelper: int[] getReferencedIds()
androidx.appcompat.R$attr: int backgroundTintMode
com.google.android.material.bottomappbar.BottomAppBar: void setFabAnimationMode(int)
com.google.android.material.textfield.TextInputLayout: void setErrorEnabled(boolean)
com.google.android.material.R$attr: int indeterminateProgressStyle
com.google.android.material.R$style: int Base_Widget_AppCompat_ButtonBar_AlertDialog
androidx.appcompat.R$styleable: int[] GradientColor