app/build/outputs/mapping/debug/mapping.txt
# compiler: R8
# compiler_version: 2.0.88
# min_api: 28
# pg_map_id: 53d45d5
# common_typos_disable
com.sakibuddinbhuiyan.zikir.activities.MainActivity -> com.sakibuddinbhuiyan.zikir.activities.MainActivity:
    com.google.android.material.bottomnavigation.BottomNavigationView bottomNavigationView -> r
    com.sakibuddinbhuiyan.zikir.database.DatabaseHandler databaseHandler -> p
    com.google.android.material.bottomnavigation.BottomNavigationView$OnNavigationItemSelectedListener navigationItemSelectedListener -> q
    19:61:void <init>() -> <init>
    28:59:void onCreate(android.os.Bundle) -> onCreate
com.sakibuddinbhuiyan.zikir.activities.MainActivity$1 -> com.sakibuddinbhuiyan.zikir.activities.MainActivity$a:
    com.sakibuddinbhuiyan.zikir.activities.MainActivity this$0 -> a
    61:61:void <init>(com.sakibuddinbhuiyan.zikir.activities.MainActivity) -> <init>
    64:79:boolean onNavigationItemSelected(android.view.MenuItem) -> a
com.sakibuddinbhuiyan.zikir.activities.Read -> com.sakibuddinbhuiyan.zikir.activities.Read:
    android.widget.TextView readPageTotal -> q
    android.widget.TextView readPageContent -> p
    android.widget.ImageButton fingerPrintButton -> r
    android.os.Vibrator vibrator -> y
    com.sakibuddinbhuiyan.zikir.database.DatabaseHandler databaseHandler -> x
    int clickedToday -> v
    int clickedNow -> w
    int idOfZikir -> t
    int favourited -> u
    android.widget.ImageButton favourite -> s
    19:29:void <init>() -> <init>
    19:19:int access$000(com.sakibuddinbhuiyan.zikir.activities.Read) -> G
    19:19:int access$002(com.sakibuddinbhuiyan.zikir.activities.Read,int) -> H
    19:19:android.widget.ImageButton access$100(com.sakibuddinbhuiyan.zikir.activities.Read) -> I
    19:19:int access$200(com.sakibuddinbhuiyan.zikir.activities.Read) -> J
    19:19:com.sakibuddinbhuiyan.zikir.database.DatabaseHandler access$300(com.sakibuddinbhuiyan.zikir.activities.Read) -> K
    19:19:android.os.Vibrator access$400(com.sakibuddinbhuiyan.zikir.activities.Read) -> L
    19:19:int access$504(com.sakibuddinbhuiyan.zikir.activities.Read) -> M
    19:19:int access$600(com.sakibuddinbhuiyan.zikir.activities.Read) -> N
    19:19:int access$604(com.sakibuddinbhuiyan.zikir.activities.Read) -> O
    19:19:android.widget.TextView access$700(com.sakibuddinbhuiyan.zikir.activities.Read) -> P
    114:118:java.lang.String getBanglaNumber(int) -> Q
    35:38:void onBackPressed() -> onBackPressed
com.sakibuddinbhuiyan.zikir.activities.Read$1 -> com.sakibuddinbhuiyan.zikir.activities.Read$a:
    com.sakibuddinbhuiyan.zikir.activities.Read this$0 -> a
    76:76:void <init>(com.sakibuddinbhuiyan.zikir.activities.Read) -> <init>
    80:92:void onClick(android.view.View) -> onClick
com.sakibuddinbhuiyan.zikir.activities.Read$2 -> com.sakibuddinbhuiyan.zikir.activities.Read$b:
    com.sakibuddinbhuiyan.zikir.activities.Read this$0 -> a
    95:95:void <init>(com.sakibuddinbhuiyan.zikir.activities.Read) -> <init>
    98:109:void onClick(android.view.View) -> onClick
...
io.grpc.LoadBalancer$CreateSubchannelArgs -> d.a.l0$b:
    java.util.List addrs -> a
    java.lang.Object[][] customOptions -> c
    io.grpc.Attributes attrs -> b
    699:699:void <init>(java.util.List,io.grpc.Attributes,java.lang.Object[][],io.grpc.LoadBalancer$1) -> <init>
    705:709:void <init>(java.util.List,io.grpc.Attributes,java.lang.Object[][]) -> <init>
    715:715:java.util.List getAddresses() -> a
    722:722:io.grpc.Attributes getAttributes() -> b
    752:752:io.grpc.LoadBalancer$CreateSubchannelArgs$Builder newBuilder() -> c
    757:761:java.lang.String toString() -> toString
io.grpc.LoadBalancer$CreateSubchannelArgs$Builder -> d.a.l0$b$a:
    java.util.List addrs -> a
    java.lang.Object[][] customOptions -> c
    io.grpc.Attributes attrs -> b
    768:772:void <init>() -> <init>
    847:847:io.grpc.LoadBalancer$CreateSubchannelArgs build() -> a
    815:816:io.grpc.LoadBalancer$CreateSubchannelArgs$Builder setAddresses(io.grpc.EquivalentAddressGroup) -> b
    828:830:io.grpc.LoadBalancer$CreateSubchannelArgs$Builder setAddresses(java.util.List) -> c
    839:840:io.grpc.LoadBalancer$CreateSubchannelArgs$Builder setAttributes(io.grpc.Attributes) -> d
io.grpc.LoadBalancer$Factory -> d.a.l0$c:
    1386:1386:void <init>() -> <init>
    io.grpc.LoadBalancer newLoadBalancer(io.grpc.LoadBalancer$Helper) -> a
io.grpc.LoadBalancer$Helper -> d.a.l0$d:
    912:912:void <init>() -> <init>
    966:966:io.grpc.LoadBalancer$Subchannel createSubchannel(io.grpc.LoadBalancer$CreateSubchannelArgs) -> a
    1158:1158:io.grpc.ChannelLogger getChannelLogger() -> b
    1116:1116:io.grpc.SynchronizationContext getSynchronizationContext() -> c
    void updateBalancingState(io.grpc.ConnectivityState,io.grpc.LoadBalancer$SubchannelPicker) -> d
io.grpc.LoadBalancer$PickResult -> d.a.l0$e:
    io.grpc.LoadBalancer$PickResult NO_RESULT -> e
    io.grpc.Status status -> c
    io.grpc.LoadBalancer$Subchannel subchannel -> a
    io.grpc.ClientStreamTracer$Factory streamTracerFactory -> b
    boolean drop -> d
    482:482:void <clinit>() -> <clinit>
    495:500:void <init>(io.grpc.LoadBalancer$Subchannel,io.grpc.ClientStreamTracer$Factory,io.grpc.Status,boolean) -> <init>
    650:650:io.grpc.Status getStatus() -> a
    640:640:io.grpc.ClientStreamTracer$Factory getStreamTracerFactory() -> b
    630:630:io.grpc.LoadBalancer$Subchannel getSubchannel() -> c
    659:659:boolean isDrop() -> d
    609:610:io.grpc.LoadBalancer$PickResult withDrop(io.grpc.Status) -> e
    683:688:boolean equals(java.lang.Object) -> equals
    597:598:io.grpc.LoadBalancer$PickResult withError(io.grpc.Status) -> f
    619:619:io.grpc.LoadBalancer$PickResult withNoResult() -> g
    585:585:io.grpc.LoadBalancer$PickResult withSubchannel(io.grpc.LoadBalancer$Subchannel) -> h
    674:674:int hashCode() -> hashCode
    574:575:io.grpc.LoadBalancer$PickResult withSubchannel(io.grpc.LoadBalancer$Subchannel,io.grpc.ClientStreamTracer$Factory) -> i
    664:669:java.lang.String toString() -> toString
io.grpc.LoadBalancer$PickSubchannelArgs -> d.a.l0$f:
    436:436:void <init>() -> <init>
    io.grpc.CallOptions getCallOptions() -> a
    io.grpc.Metadata getHeaders() -> b
    io.grpc.MethodDescriptor getMethodDescriptor() -> c
io.grpc.LoadBalancer$ResolvedAddresses -> d.a.l0$g:
    java.util.List addresses -> a
    io.grpc.Attributes attributes -> b
    java.lang.Object loadBalancingPolicyConfig -> c
    176:176:void <init>(java.util.List,io.grpc.Attributes,java.lang.Object,io.grpc.LoadBalancer$1) -> <init>
    187:192:void <init>(java.util.List,io.grpc.Attributes,java.lang.Object) -> <init>
    221:221:java.util.List getAddresses() -> a
    232:232:io.grpc.Attributes getAttributes() -> b
    243:243:java.lang.Object getLoadBalancingPolicyConfig() -> c
    200:200:io.grpc.LoadBalancer$ResolvedAddresses$Builder newBuilder() -> d
    314:320:boolean equals(java.lang.Object) -> equals
    309:309:int hashCode() -> hashCode
    300:304:java.lang.String toString() -> toString