app/build/outputs/mapping/debug/usage.txt
com.sakibuddinbhuiyan.zikir.R$interpolator
com.sakibuddinbhuiyan.zikir.fragments.FragmentSettings:
    private static final java.lang.String TAG
com.sakibuddinbhuiyan.zikir.R$plurals
com.sakibuddinbhuiyan.zikir.R$string
com.sakibuddinbhuiyan.zikir.utils.Data:
    public void <init>()
com.sakibuddinbhuiyan.zikir.R$layout
com.sakibuddinbhuiyan.zikir.R$font
com.sakibuddinbhuiyan.zikir.R$attr
com.sakibuddinbhuiyan.zikir.database.DatabaseHandler:
    public static final int DATABASE_VERSION
    public static final java.lang.String DATABASE_NAME
    public static final java.lang.String TABLE_ZIKIR
    public static final java.lang.String ID
    public static final java.lang.String ZIKIR
    public static final java.lang.String ZIKIR_BANGLA
    public static final java.lang.String READ_TODAY
    public static final java.lang.String READ_TOTAL
    public static final java.lang.String FAVOURITE
    public static final java.lang.String TABLE_DATE
    public static final java.lang.String DATE
    public static final java.lang.String TABLE_SETTINGS
    public static final java.lang.String VIBRATE
    public static final java.lang.String LANGUAGE
com.sakibuddinbhuiyan.zikir.R$mipmap
com.sakibuddinbhuiyan.zikir.R
com.sakibuddinbhuiyan.zikir.R$bool
com.sakibuddinbhuiyan.zikir.R$xml
com.sakibuddinbhuiyan.zikir.R$dimen
com.sakibuddinbhuiyan.zikir.R$color
com.sakibuddinbhuiyan.zikir.R$styleable
com.sakibuddinbhuiyan.zikir.R$animator
com.sakibuddinbhuiyan.zikir.R$drawable
com.sakibuddinbhuiyan.zikir.models.ZikirDowload:
    public void <init>(java.lang.String,java.lang.String)
    public void setEnglish(java.lang.String)
    public void setBangla(java.lang.String)
com.sakibuddinbhuiyan.zikir.R$style
com.sakibuddinbhuiyan.zikir.R$integer
com.sakibuddinbhuiyan.zikir.BuildConfig
com.sakibuddinbhuiyan.zikir.R$id
com.sakibuddinbhuiyan.zikir.utils.PublicVariables:
    public void <init>()
com.sakibuddinbhuiyan.zikir.R$anim
com.sakibuddinbhuiyan.zikir.R$menu
com.sakibuddinbhuiyan.zikir.adapters.ZikirListAdapter:
    public java.util.LinkedList mZikrList
    public java.util.LinkedList mTodayList
    public java.util.LinkedList mTotalList
    public java.util.LinkedList mFavouriteList
com.sakibuddinbhuiyan.zikir.fragments.FragmentFavourites:
    public int i
com.sakibuddinbhuiyan.zikir.adapters.ZikirListAdapter$ZikrViewHolder:
    public final com.sakibuddinbhuiyan.zikir.adapters.ZikirListAdapter mAdapter
    public final synthetic com.sakibuddinbhuiyan.zikir.adapters.ZikirListAdapter this$0
com.sakibuddinbhuiyan.zikir.activities.MainActivity:
    public android.widget.FrameLayout frameLayout
com.sakibuddinbhuiyan.zikir.activities.Read:
    public int position
com.sakibuddinbhuiyan.zikir.models.ZikirDowload:
    public java.lang.String english
    public java.lang.String bangla
com.sakibuddinbhuiyan.zikir.fragments.FragmentHome:
    public int i
com.sakibuddinbhuiyan.zikir.adapters.ZikirListAdapter$1:
    public final synthetic com.sakibuddinbhuiyan.zikir.adapters.ZikirListAdapter this$0
...
com.google.firebase.installations.interop.R$style
com.google.common.base.CaseFormat$5
androidx.core.text.HtmlCompat
com.google.android.gms.common.server.response.FastSafeParcelableJsonResponse
androidx.core.view.accessibility.AccessibilityRecordCompat:
    public void <init>(java.lang.Object)
    public static androidx.core.view.accessibility.AccessibilityRecordCompat obtain(androidx.core.view.accessibility.AccessibilityRecordCompat)
    public static androidx.core.view.accessibility.AccessibilityRecordCompat obtain()
    public static int getMaxScrollX(android.view.accessibility.AccessibilityRecord)
    public static int getMaxScrollY(android.view.accessibility.AccessibilityRecord)
    public java.lang.Object getImpl()
    public void setSource(android.view.View)
    public void setSource(android.view.View,int)
    public androidx.core.view.accessibility.AccessibilityNodeInfoCompat getSource()
    public int getWindowId()
    public boolean isChecked()
    public void setChecked(boolean)
    public boolean isEnabled()
    public void setEnabled(boolean)
    public boolean isPassword()
    public void setPassword(boolean)
    public boolean isFullScreen()
    public void setFullScreen(boolean)
    public boolean isScrollable()
    public void setScrollable(boolean)
    public int getItemCount()
    public void setItemCount(int)
    public int getCurrentItemIndex()
    public void setCurrentItemIndex(int)
    public int getFromIndex()
    public void setFromIndex(int)
    public int getToIndex()
    public void setToIndex(int)
    public int getScrollX()
    public void setScrollX(int)
    public int getScrollY()
    public void setScrollY(int)
io.grpc.Metadata:
    private java.lang.Object valueAsBytesOrStream(int)
    static synthetic int access$100(io.grpc.Metadata)
    static synthetic byte[] access$300(io.grpc.Metadata,int)
    static synthetic boolean access$400(io.grpc.Metadata,byte[],byte[])
    static synthetic java.lang.Object access$500(io.grpc.Metadata,int,io.grpc.Metadata$Key)
    public boolean containsKey(io.grpc.Metadata$Key)
    public java.lang.Iterable getAll(io.grpc.Metadata$Key)
    public boolean remove(io.grpc.Metadata$Key,java.lang.Object)
    public java.lang.Iterable removeAll(io.grpc.Metadata$Key)
    java.lang.Object[] serializePartial()
    public void merge(io.grpc.Metadata,java.util.Set)
    public static final java.lang.String BINARY_HEADER_SUFFIX
com.google.longrunning.ListOperationsResponse$1
androidx.vectordrawable.graphics.drawable.AnimatorInflaterCompat:
    private static void dumpKeyframes(java.lang.Object[],java.lang.String)
    private void <init>()
    private static final java.lang.String TAG
    private static final int TOGETHER
    private static final int MAX_NUM_POINTS
    private static final int VALUE_TYPE_FLOAT
    private static final int VALUE_TYPE_INT
    private static final int VALUE_TYPE_PATH
    private static final int VALUE_TYPE_COLOR
    private static final int VALUE_TYPE_UNDEFINED
    private static final boolean DBG_ANIMATOR_INFLATER
androidx.versionedparcelable.VersionedParcelStream$FieldBuffer
dagger.multibindings.IntKey